  ObjExportManager.cpp
c:\users\gus\documents\github\local\test\brenderlib\brender\brender-master\include\brender\objexportmanager.cpp(41): warning C4996: 'sprintf': This function or variable may be unsafe. Consider using sprintf_s instead. To disable deprecation, use _CRT_SECURE_NO_WARNINGS. See online help for details.
  c:\program files (x86)\windows kits\10\include\10.0.15063.0\ucrt\stdio.h(1772): note: see declaration of 'sprintf'
c:\users\gus\documents\github\local\test\brenderlib\brender\brender-master\include\brender\objexportmanager.cpp(47): warning C4996: 'strcpy': This function or variable may be unsafe. Consider using strcpy_s instead. To disable deprecation, use _CRT_SECURE_NO_WARNINGS. See online help for details.
  c:\program files (x86)\windows kits\10\include\10.0.15063.0\ucrt\string.h(136): note: see declaration of 'strcpy'
c:\users\gus\documents\github\local\test\brenderlib\brender\brender-master\include\brender\objexportmanager.cpp(48): warning C4996: 'sprintf': This function or variable may be unsafe. Consider using sprintf_s instead. To disable deprecation, use _CRT_SECURE_NO_WARNINGS. See online help for details.
  c:\program files (x86)\windows kits\10\include\10.0.15063.0\ucrt\stdio.h(1772): note: see declaration of 'sprintf'
c:\users\gus\documents\github\local\test\brenderlib\brender\brender-master\include\brender\objexportmanager.cpp(54): warning C4996: 'sprintf': This function or variable may be unsafe. Consider using sprintf_s instead. To disable deprecation, use _CRT_SECURE_NO_WARNINGS. See online help for details.
  c:\program files (x86)\windows kits\10\include\10.0.15063.0\ucrt\stdio.h(1772): note: see declaration of 'sprintf'
c:\users\gus\documents\github\local\test\brenderlib\brender\brender-master\include\brender\objexportmanager.cpp(84): warning C4996: 'sprintf': This function or variable may be unsafe. Consider using sprintf_s instead. To disable deprecation, use _CRT_SECURE_NO_WARNINGS. See online help for details.
  c:\program files (x86)\windows kits\10\include\10.0.15063.0\ucrt\stdio.h(1772): note: see declaration of 'sprintf'
c:\users\gus\documents\github\local\test\brenderlib\brender\brender-master\include\brender\objexportmanager.cpp(90): warning C4996: 'strcpy': This function or variable may be unsafe. Consider using strcpy_s instead. To disable deprecation, use _CRT_SECURE_NO_WARNINGS. See online help for details.
  c:\program files (x86)\windows kits\10\include\10.0.15063.0\ucrt\string.h(136): note: see declaration of 'strcpy'
c:\users\gus\documents\github\local\test\brenderlib\brender\brender-master\include\brender\objexportmanager.cpp(91): warning C4996: 'sprintf': This function or variable may be unsafe. Consider using sprintf_s instead. To disable deprecation, use _CRT_SECURE_NO_WARNINGS. See online help for details.
  c:\program files (x86)\windows kits\10\include\10.0.15063.0\ucrt\stdio.h(1772): note: see declaration of 'sprintf'
c:\users\gus\documents\github\local\test\brenderlib\brender\brender-master\include\brender\objexportmanager.cpp(97): warning C4996: 'sprintf': This function or variable may be unsafe. Consider using sprintf_s instead. To disable deprecation, use _CRT_SECURE_NO_WARNINGS. See online help for details.
  c:\program files (x86)\windows kits\10\include\10.0.15063.0\ucrt\stdio.h(1772): note: see declaration of 'sprintf'
c:\users\gus\documents\github\local\test\brenderlib\brender\brender-master\include\brender\objexportmanager.cpp(101): warning C4996: 'sprintf': This function or variable may be unsafe. Consider using sprintf_s instead. To disable deprecation, use _CRT_SECURE_NO_WARNINGS. See online help for details.
  c:\program files (x86)\windows kits\10\include\10.0.15063.0\ucrt\stdio.h(1772): note: see declaration of 'sprintf'
  Brender.vcxproj -> C:\Users\Gus\Documents\GitHub\Local\Test\BrenderLib\Brender\x64\Debug\Brender.lib
